<?xml version="1.0" encoding="UTF-8"?>
<!-- Generated by org.testng.reporters.JUnitReportReporter -->
<testsuite hostname="LAPTOP-NBCD1KMT" failures="0" tests="4" name="TestCase.TestCase22" time="13.871" errors="0" timestamp="2023-10-31T18:38:26 IST" skipped="0">
  <testcase classname="TestCase.TestCase22" name="initialize" time="5.827"/>
  <testcase classname="TestCase.TestCase22" name="SignIn" time="2.850"/>
  <testcase classname="TestCase.TestCase22" name="verify" time="3.529"/>
  <testcase classname="TestCase.TestCase22" name="SignOut" time="1.665"/>
</testsuite> <!-- TestCase.TestCase22 -->
