<?xml version="1.0" encoding="UTF-8"?>
<!-- Generated by org.testng.reporters.JUnitReportReporter -->
<testsuite hostname="LAPTOP-NBCD1KMT" failures="0" tests="4" name="TestCase.TestCase20" time="44.338" errors="0" timestamp="2023-10-31T17:23:44 IST" skipped="0">
  <testcase classname="TestCase.TestCase20" name="login" time="7.962"/>
  <testcase classname="TestCase.TestCase20" name="search" time="4.902"/>
  <testcase classname="TestCase.TestCase20" name="addProduct" time="8.895"/>
  <testcase classname="TestCase.TestCase20" name="payment" time="22.579"/>
</testsuite> <!-- TestCase.TestCase20 -->
