<?xml version="1.0" encoding="UTF-8"?>
<!-- Generated by org.testng.reporters.JUnitReportReporter -->
<testsuite hostname="LAPTOP-NBCD1KMT" failures="0" tests="4" name="TestCase.TestCase13" time="25.689" errors="0" timestamp="2023-10-30T15:32:14 IST" skipped="0">
  <testcase classname="TestCase.TestCase13" name="login" time="7.523"/>
  <testcase classname="TestCase.TestCase13" name="search" time="5.924"/>
  <testcase classname="TestCase.TestCase13" name="addProduct" time="4.254"/>
  <testcase classname="TestCase.TestCase13" name="addToCart" time="7.988"/>
</testsuite> <!-- TestCase.TestCase13 -->
