<?xml version="1.0" encoding="UTF-8"?>
<!-- Generated by org.testng.reporters.JUnitReportReporter -->
<testsuite hostname="LAPTOP-NBCD1KMT" failures="0" tests="5" name="TestCase.TestCase27" time="26.643" errors="0" timestamp="2023-10-31T19:07:42 IST" skipped="0">
  <testcase classname="TestCase.TestCase27" name="login" time="9.875"/>
  <testcase classname="TestCase.TestCase27" name="search" time="5.724"/>
  <testcase classname="TestCase.TestCase27" name="addProduct" time="1.230"/>
  <testcase classname="TestCase.TestCase27" name="addToCart" time="8.118"/>
  <testcase classname="TestCase.TestCase27" name="logout" time="1.696"/>
</testsuite> <!-- TestCase.TestCase27 -->
