<?xml version="1.0" encoding="UTF-8"?>
<!-- Generated by org.testng.reporters.JUnitReportReporter -->
<testsuite hostname="LAPTOP-NBCD1KMT" failures="0" tests="4" name="TestCase.TestCase11" time="13.094" errors="0" timestamp="2023-10-31T22:45:47 IST" skipped="0">
  <testcase classname="TestCase.TestCase11" name="initialize" time="4.216"/>
  <testcase classname="TestCase.TestCase11" name="SignUp" time="2.015"/>
  <testcase classname="TestCase.TestCase11" name="serach" time="4.742"/>
  <testcase classname="TestCase.TestCase11" name="filter" time="2.121"/>
</testsuite> <!-- TestCase.TestCase11 -->
