<?xml version="1.0" encoding="UTF-8"?>
<!-- Generated by org.testng.reporters.JUnitReportReporter -->
<testsuite hostname="LAPTOP-NBCD1KMT" failures="0" tests="5" name="TestCase.TestCase16" time="40.453" errors="0" timestamp="2023-10-31T23:09:08 IST" skipped="0">
  <testcase classname="TestCase.TestCase16" name="login" time="6.963"/>
  <testcase classname="TestCase.TestCase16" name="search" time="4.821"/>
  <testcase classname="TestCase.TestCase16" name="addProduct" time="3.210"/>
  <testcase classname="TestCase.TestCase16" name="addToCart" time="10.264"/>
  <testcase classname="TestCase.TestCase16" name="payment" time="15.195"/>
</testsuite> <!-- TestCase.TestCase16 -->
