<?xml version="1.0" encoding="UTF-8"?>
<!-- Generated by org.testng.reporters.JUnitReportReporter -->
<testsuite hostname="LAPTOP-NBCD1KMT" failures="0" tests="5" name="TestCase.TestCase6" time="29.823" errors="0" timestamp="2023-10-31T18:55:10 IST" skipped="0">
  <testcase classname="TestCase.TestCase6" name="intialize" time="5.151"/>
  <testcase classname="TestCase.TestCase6" name="SignIn" time="2.658"/>
  <testcase classname="TestCase.TestCase6" name="Search" time="5.507"/>
  <testcase classname="TestCase.TestCase6" name="Product" time="8.858"/>
  <testcase classname="TestCase.TestCase6" name="SignOut" time="7.649"/>
</testsuite> <!-- TestCase.TestCase6 -->
