<?xml version="1.0" encoding="UTF-8"?>
<!-- Generated by org.testng.reporters.JUnitReportReporter -->
<testsuite hostname="LAPTOP-NBCD1KMT" failures="0" tests="5" name="TestCase.TestCase30" time="72.642" errors="0" timestamp="2023-10-31T19:26:31 IST" skipped="0">
  <testcase classname="TestCase.TestCase30" name="initialize" time="8.236"/>
  <testcase classname="TestCase.TestCase30" name="SignUp" time="2.853"/>
  <testcase classname="TestCase.TestCase30" name="serach" time="5.581"/>
  <testcase classname="TestCase.TestCase30" name="verify" time="54.092"/>
  <testcase classname="TestCase.TestCase30" name="SignOut" time="1.880"/>
</testsuite> <!-- TestCase.TestCase30 -->
