<?xml version="1.0" encoding="UTF-8"?>
<!-- Generated by org.testng.reporters.JUnitReportReporter -->
<testsuite hostname="LAPTOP-NBCD1KMT" failures="0" tests="5" name="TestCase.TestCase7" time="21.948" errors="0" timestamp="2023-10-30T12:27:08 IST" skipped="0">
  <testcase classname="TestCase.TestCase7" name="login" time="6.298"/>
  <testcase classname="TestCase.TestCase7" name="search" time="5.282"/>
  <testcase classname="TestCase.TestCase7" name="addProduct" time="3.331"/>
  <testcase classname="TestCase.TestCase7" name="addToCart" time="5.417"/>
  <testcase classname="TestCase.TestCase7" name="logout" time="1.620"/>
</testsuite> <!-- TestCase.TestCase7 -->
