<?xml version="1.0" encoding="UTF-8"?>
<!-- Generated by org.testng.reporters.JUnitReportReporter -->
<testsuite hostname="LAPTOP-NBCD1KMT" failures="0" tests="4" name="TestCase.TestCase31" time="26.533" errors="0" timestamp="2023-10-31T19:32:22 IST" skipped="0">
  <testcase classname="TestCase.TestCase31" name="login" time="9.279"/>
  <testcase classname="TestCase.TestCase31" name="search" time="5.812"/>
  <testcase classname="TestCase.TestCase31" name="addProduct" time="3.784"/>
  <testcase classname="TestCase.TestCase31" name="addToCart" time="7.658"/>
</testsuite> <!-- TestCase.TestCase31 -->
