<?xml version="1.0" encoding="UTF-8"?>
<!-- Generated by org.testng.reporters.JUnitReportReporter -->
<testsuite hostname="LAPTOP-NBCD1KMT" failures="0" tests="4" name="TestCase.TestCase12" time="15.074" errors="0" timestamp="2023-10-29T13:06:25 IST" skipped="0">
  <testcase classname="TestCase.TestCase12" name="initialize" time="5.607"/>
  <testcase classname="TestCase.TestCase12" name="SignUp" time="2.618"/>
  <testcase classname="TestCase.TestCase12" name="serach" time="5.735"/>
  <testcase classname="TestCase.TestCase12" name="verify" time="1.114"/>
</testsuite> <!-- TestCase.TestCase12 -->
