<?xml version="1.0" encoding="UTF-8"?>
<!-- Generated by org.testng.reporters.JUnitReportReporter -->
<testsuite hostname="LAPTOP-NBCD1KMT" failures="0" tests="5" name="TestCase.TestCase34" time="32.551" errors="0" timestamp="2023-10-31T22:12:20 IST" skipped="0">
  <testcase classname="TestCase.TestCase34" name="login" time="12.895"/>
  <testcase classname="TestCase.TestCase34" name="search" time="6.942"/>
  <testcase classname="TestCase.TestCase34" name="addProduct" time="4.752"/>
  <testcase classname="TestCase.TestCase34" name="addToCart" time="5.457"/>
  <testcase classname="TestCase.TestCase34" name="logout" time="2.505"/>
</testsuite> <!-- TestCase.TestCase34 -->
