<?xml version="1.0" encoding="UTF-8"?>
<!-- Generated by org.testng.reporters.JUnitReportReporter -->
<testsuite hostname="LAPTOP-NBCD1KMT" failures="0" tests="5" name="TestCase.TestCase9" time="29.261" errors="0" timestamp="2023-10-30T15:05:09 IST" skipped="0">
  <testcase classname="TestCase.TestCase9" name="login" time="7.678"/>
  <testcase classname="TestCase.TestCase9" name="search" time="7.789"/>
  <testcase classname="TestCase.TestCase9" name="addProduct" time="3.863"/>
  <testcase classname="TestCase.TestCase9" name="addToCart" time="8.141"/>
  <testcase classname="TestCase.TestCase9" name="logout" time="1.790"/>
</testsuite> <!-- TestCase.TestCase9 -->
