<?xml version="1.0" encoding="UTF-8"?>
<!-- Generated by org.testng.reporters.JUnitReportReporter -->
<testsuite hostname="LAPTOP-NBCD1KMT" failures="0" tests="5" name="TestCase.TestCase26" time="25.836" errors="0" timestamp="2023-10-31T19:04:29 IST" skipped="0">
  <testcase classname="TestCase.TestCase26" name="login" time="9.700"/>
  <testcase classname="TestCase.TestCase26" name="search" time="5.795"/>
  <testcase classname="TestCase.TestCase26" name="addProduct" time="1.286"/>
  <testcase classname="TestCase.TestCase26" name="addToCart" time="7.250"/>
  <testcase classname="TestCase.TestCase26" name="logout" time="1.805"/>
</testsuite> <!-- TestCase.TestCase26 -->
