<?xml version="1.0" encoding="UTF-8"?>
<!-- Generated by org.testng.reporters.JUnitReportReporter -->
<testsuite hostname="LAPTOP-NBCD1KMT" failures="0" tests="5" name="TestCase.TestCase8" time="27.131" errors="0" timestamp="2023-10-30T14:33:42 IST" skipped="0">
  <testcase classname="TestCase.TestCase8" name="login" time="7.881"/>
  <testcase classname="TestCase.TestCase8" name="search" time="5.781"/>
  <testcase classname="TestCase.TestCase8" name="addProduct" time="4.806"/>
  <testcase classname="TestCase.TestCase8" name="addToCart" time="6.929"/>
  <testcase classname="TestCase.TestCase8" name="logout" time="1.734"/>
</testsuite> <!-- TestCase.TestCase8 -->
