<?xml version="1.0" encoding="UTF-8"?>
<!-- Generated by org.testng.reporters.JUnitReportReporter -->
<testsuite hostname="LAPTOP-NBCD1KMT" failures="0" tests="5" name="TestCase.TestCase24" time="32.101" errors="0" timestamp="2023-10-31T18:56:30 IST" skipped="0">
  <testcase classname="TestCase.TestCase24" name="intialize" time="7.172"/>
  <testcase classname="TestCase.TestCase24" name="SignIn" time="2.560"/>
  <testcase classname="TestCase.TestCase24" name="Search" time="5.284"/>
  <testcase classname="TestCase.TestCase24" name="Product" time="8.813"/>
  <testcase classname="TestCase.TestCase24" name="SignOut" time="8.272"/>
</testsuite> <!-- TestCase.TestCase24 -->
