<?xml version="1.0" encoding="UTF-8"?>
<!-- Generated by org.testng.reporters.JUnitReportReporter -->
<testsuite hostname="LAPTOP-NBCD1KMT" failures="0" tests="5" name="TestCase.TestCase15" time="15.788" errors="0" timestamp="2023-10-31T23:12:23 IST" skipped="0">
  <testcase classname="TestCase.TestCase15" name="initialize" time="4.110"/>
  <testcase classname="TestCase.TestCase15" name="SignUp" time="2.206"/>
  <testcase classname="TestCase.TestCase15" name="serach" time="4.956"/>
  <testcase classname="TestCase.TestCase15" name="filter" time="2.661"/>
  <testcase classname="TestCase.TestCase15" name="SignOut" time="1.855"/>
</testsuite> <!-- TestCase.TestCase15 -->
