<?xml version="1.0" encoding="UTF-8"?>
<!-- Generated by org.testng.reporters.JUnitReportReporter -->
<testsuite hostname="LAPTOP-NBCD1KMT" failures="0" tests="4" name="TestCase.TestCase17" time="22.459" errors="0" timestamp="2023-10-31T20:23:10 IST" skipped="0">
  <testcase classname="TestCase.TestCase17" name="login" time="6.794"/>
  <testcase classname="TestCase.TestCase17" name="search" time="5.022"/>
  <testcase classname="TestCase.TestCase17" name="addProduct" time="3.162"/>
  <testcase classname="TestCase.TestCase17" name="addToCart" time="7.481"/>
</testsuite> <!-- TestCase.TestCase17 -->
