<?xml version="1.0" encoding="UTF-8"?>
<!-- Generated by org.testng.reporters.JUnitReportReporter -->
<testsuite hostname="LAPTOP-NBCD1KMT" failures="0" tests="4" name="TestCase.TestCase35" time="36.780" errors="0" timestamp="2023-10-31T22:20:31 IST" skipped="0">
  <testcase classname="TestCase.TestCase35" name="login" time="10.165"/>
  <testcase classname="TestCase.TestCase35" name="search" time="5.295"/>
  <testcase classname="TestCase.TestCase35" name="addProduct" time="9.016"/>
  <testcase classname="TestCase.TestCase35" name="Payment" time="12.304"/>
</testsuite> <!-- TestCase.TestCase35 -->
