<?xml version="1.0" encoding="UTF-8"?>
<!-- Generated by org.testng.reporters.JUnitReportReporter -->
<testsuite hostname="LAPTOP-NBCD1KMT" failures="0" tests="5" name="TestCase.TestCase32" time="19.657" errors="0" timestamp="2023-10-31T20:06:02 IST" skipped="0">
  <testcase classname="TestCase.TestCase32" name="initialize" time="6.725"/>
  <testcase classname="TestCase.TestCase32" name="SignUp" time="2.541"/>
  <testcase classname="TestCase.TestCase32" name="serach" time="5.543"/>
  <testcase classname="TestCase.TestCase32" name="filter" time="2.931"/>
  <testcase classname="TestCase.TestCase32" name="SignOut" time="1.917"/>
</testsuite> <!-- TestCase.TestCase32 -->
