<?xml version="1.0" encoding="UTF-8"?>
<!-- Generated by org.testng.reporters.JUnitReportReporter -->
<testsuite hostname="LAPTOP-NBCD1KMT" failures="0" tests="4" name="TestCase.TestCase36" time="44.505" errors="0" timestamp="2023-10-31T22:32:22 IST" skipped="0">
  <testcase classname="TestCase.TestCase36" name="login" time="9.236"/>
  <testcase classname="TestCase.TestCase36" name="search" time="4.552"/>
  <testcase classname="TestCase.TestCase36" name="addProduct" time="8.716"/>
  <testcase classname="TestCase.TestCase36" name="payment" time="22.001"/>
</testsuite> <!-- TestCase.TestCase36 -->
