<?xml version="1.0" encoding="UTF-8"?>
<!-- Generated by org.testng.reporters.JUnitReportReporter -->
<testsuite hostname="LAPTOP-NBCD1KMT" failures="0" tests="4" name="TestCase.TestCase23" time="12.259" errors="0" timestamp="2023-10-31T18:43:59 IST" skipped="0">
  <testcase classname="TestCase.TestCase23" name="intialize" time="5.134"/>
  <testcase classname="TestCase.TestCase23" name="SignIn" time="2.815"/>
  <testcase classname="TestCase.TestCase23" name="verify" time="2.744"/>
  <testcase classname="TestCase.TestCase23" name="SignOut" time="1.566"/>
</testsuite> <!-- TestCase.TestCase23 -->
