<?xml version="1.0" encoding="UTF-8"?>
<!-- Generated by org.testng.reporters.JUnitReportReporter -->
<testsuite hostname="LAPTOP-NBCD1KMT" failures="0" tests="4" name="TestCase.TestCase10" time="18.963" errors="0" timestamp="2023-10-31T16:19:11 IST" skipped="0">
  <testcase classname="TestCase.TestCase10" name="initialize" time="4.220"/>
  <testcase classname="TestCase.TestCase10" name="login" time="2.029"/>
  <testcase classname="TestCase.TestCase10" name="updateLocation" time="11.288"/>
  <testcase classname="TestCase.TestCase10" name="logout" time="1.426"/>
</testsuite> <!-- TestCase.TestCase10 -->
