<?xml version="1.0" encoding="UTF-8"?>
<!-- Generated by org.testng.reporters.JUnitReportReporter -->
<testsuite hostname="LAPTOP-NBCD1KMT" failures="0" tests="4" name="TestCase.TestCase28" time="24.835" errors="0" timestamp="2023-10-31T19:15:12 IST" skipped="0">
  <testcase classname="TestCase.TestCase28" name="initialize" time="7.312"/>
  <testcase classname="TestCase.TestCase28" name="login" time="2.754"/>
  <testcase classname="TestCase.TestCase28" name="updateLocation" time="13.131"/>
  <testcase classname="TestCase.TestCase28" name="logout" time="1.638"/>
</testsuite> <!-- TestCase.TestCase28 -->
