<?xml version="1.0" encoding="UTF-8"?>
<!-- Generated by org.testng.reporters.JUnitReportReporter -->
<testsuite hostname="LAPTOP-NBCD1KMT" failures="0" tests="5" name="TestCase.TestCase25" time="27.511" errors="0" timestamp="2023-10-31T19:00:29 IST" skipped="0">
  <testcase classname="TestCase.TestCase25" name="login" time="9.900"/>
  <testcase classname="TestCase.TestCase25" name="search" time="5.851"/>
  <testcase classname="TestCase.TestCase25" name="addProduct" time="3.475"/>
  <testcase classname="TestCase.TestCase25" name="addToCart" time="6.279"/>
  <testcase classname="TestCase.TestCase25" name="logout" time="2.006"/>
</testsuite> <!-- TestCase.TestCase25 -->
