<?xml version="1.0" encoding="UTF-8"?>
<!-- Generated by org.testng.reporters.JUnitReportReporter -->
<testsuite hostname="LAPTOP-NBCD1KMT" failures="0" tests="4" name="TestCase.TestCase19" time="28.444" errors="0" timestamp="2023-10-31T10:25:07 IST" skipped="0">
  <testcase classname="TestCase.TestCase19" name="login" time="7.053"/>
  <testcase classname="TestCase.TestCase19" name="search" time="5.030"/>
  <testcase classname="TestCase.TestCase19" name="addProduct" time="9.185"/>
  <testcase classname="TestCase.TestCase19" name="Payment" time="7.176"/>
</testsuite> <!-- TestCase.TestCase19 -->
