<?xml version="1.0" encoding="UTF-8"?>
<!-- Generated by org.testng.reporters.JUnitReportReporter -->
<testsuite hostname="LAPTOP-NBCD1KMT" failures="0" tests="5" name="TestCase.TestCase18" time="21.217" errors="0" timestamp="2023-10-30T20:56:53 IST" skipped="0">
  <testcase classname="TestCase.TestCase18" name="login" time="7.205"/>
  <testcase classname="TestCase.TestCase18" name="search" time="5.386"/>
  <testcase classname="TestCase.TestCase18" name="addProduct" time="2.921"/>
  <testcase classname="TestCase.TestCase18" name="addToCart" time="3.816"/>
  <testcase classname="TestCase.TestCase18" name="logout" time="1.889"/>
</testsuite> <!-- TestCase.TestCase18 -->
